#-----------------------------------------------------------
# Vivado v2020.2 (64-bit)
# SW Build 3064766 on Wed Nov 18 09:12:45 MST 2020
# IP Build 3064653 on Wed Nov 18 14:17:31 MST 2020
# Start of session at: Sat Apr 15 14:14:22 2023
# Process ID: 2348
# Current directory: E:/SCHOOL/2022-2023/LETNY SEMESTER/BPC-DE1/PC/project_UART/uart1
# Command line: vivado.exe -gui_launcher_event rodinguilauncherevent36784 E:\SCHOOL\2022-2023\LETNY SEMESTER\BPC-DE1\PC\project_UART\uart1\uart1.xpr
# Log file: E:/SCHOOL/2022-2023/LETNY SEMESTER/BPC-DE1/PC/project_UART/uart1/vivado.log
# Journal file: E:/SCHOOL/2022-2023/LETNY SEMESTER/BPC-DE1/PC/project_UART/uart1\vivado.jou
#-----------------------------------------------------------
start_gui
open_project {E:/SCHOOL/2022-2023/LETNY SEMESTER/BPC-DE1/PC/project_UART/uart1/uart1.xpr}
INFO: [Project 1-313] Project file moved from 'C:/Users/xshapo02/Documents/digital-electronics-1/project_UART/uart1' since last save.
WARNING: [filemgmt 56-2] Default IP Output Path : Could not find the directory 'E:/SCHOOL/2022-2023/LETNY SEMESTER/BPC-DE1/PC/project_UART/uart1/uart1.gen/sources_1', nor could it be found using path 'C:/Users/xshapo02/Documents/digital-electronics-1/project_UART/uart1/uart1.gen/sources_1'.
WARNING: [filemgmt 56-2] IPUserFilesDir: Could not find the directory 'E:/SCHOOL/2022-2023/LETNY SEMESTER/BPC-DE1/PC/project_UART/uart1/uart1.ip_user_files', nor could it be found using path 'C:/Users/xshapo02/Documents/digital-electronics-1/project_UART/uart1/uart1.ip_user_files'.
Scanning sources...
Finished scanning sources
CRITICAL WARNING: [Board 49-67] The board_part definition was not found for digilentinc.com:nexys-a7-50t:part0:1.2. This can happen sometimes when you use custom board part. You can resolve this issue by setting 'board.repoPaths' parameter, pointing to the location of custom board files. Valid board_part values can be retrieved with the 'get_board_parts' Tcl command.
INFO: [IP_Flow 19-234] Refreshing IP repositories
INFO: [IP_Flow 19-1704] No user IP repositories specified
INFO: [IP_Flow 19-2313] Loaded Vivado IP repository 'C:/Xilinx/Vivado/2020.2/data/ip'.
update_compile_order -fileset sources_1
exit
INFO: [Common 17-206] Exiting Vivado at Sat Apr 15 14:18:09 2023...
