#-----------------------------------------------------------
# Vivado v2020.2 (64-bit)
# SW Build 3064766 on Wed Nov 18 09:12:45 MST 2020
# IP Build 3064653 on Wed Nov 18 14:17:31 MST 2020
# Start of session at: Tue Apr 18 13:09:39 2023
# Process ID: 10932
# Current directory: C:/Users/xbegan00/Documents/xbegan00/digital-electronics-1/labs/05-ffs/flip_flops
# Command line: vivado.exe -gui_launcher_event rodinguilauncherevent4080 C:\Users\xbegan00\Documents\xbegan00\digital-electronics-1\labs\05-ffs\flip_flops\flip_flops.xpr
# Log file: C:/Users/xbegan00/Documents/xbegan00/digital-electronics-1/labs/05-ffs/flip_flops/vivado.log
# Journal file: C:/Users/xbegan00/Documents/xbegan00/digital-electronics-1/labs/05-ffs/flip_flops\vivado.jou
#-----------------------------------------------------------
start_gui
open_project C:/Users/xbegan00/Documents/xbegan00/digital-electronics-1/labs/05-ffs/flip_flops/flip_flops.xpr
INFO: [ProjectBase 1-489] The host OS only allows 260 characters in a normal path. The project is stored in a path with more than 80 characters. If you experience issues with IP, Block Designs, or files not being found, please consider moving the project to a location with a shorter path. Alternately consider using the OS subst command to map part of the path to a drive letter.
Current project path is 'C:/Users/xbegan00/Documents/xbegan00/digital-electronics-1/labs/05-ffs/flip_flops'
INFO: [Project 1-313] Project file moved from 'E:/SCHOOL/2022-2023/LETNY SEMESTER/BPC-DE1/PC/digital-electronics-1-main/labs/05-ffs/flip_flops' since last save.
WARNING: [filemgmt 56-2] Default IP Output Path : Could not find the directory 'C:/Users/xbegan00/Documents/xbegan00/digital-electronics-1/labs/05-ffs/flip_flops/flip_flops.gen/sources_1', nor could it be found using path 'E:/SCHOOL/2022-2023/LETNY SEMESTER/BPC-DE1/PC/digital-electronics-1-main/labs/05-ffs/flip_flops/flip_flops.gen/sources_1'.
Scanning sources...
Finished scanning sources
INFO: [IP_Flow 19-234] Refreshing IP repositories
INFO: [IP_Flow 19-1704] No user IP repositories specified
INFO: [IP_Flow 19-2313] Loaded Vivado IP repository 'C:/appz/Xilinx/Vivado/2020.2/data/ip'.
update_compile_order -fileset sources_1
exit
INFO: [Common 17-206] Exiting Vivado at Tue Apr 18 14:59:25 2023...
